2020-04-27 08:11:51 [7] [6] INFO: AT2[gsm0]: opening device
2020-04-27 08:11:51 [7] [6] DEBUG: AT2[gsm0]: device opened. Telnet mode = 0
2020-04-27 08:11:52 [7] [6] DEBUG: AT2[gsm0]: device opened
2020-04-27 08:11:52 [7] [6] INFO: AT2[gsm0]: Logging in
2020-04-27 08:11:52 [7] [6] INFO: AT2[gsm0]: init device
2020-04-27 08:11:52 [7] [6] INFO: AT2[gsm0]: speed set to 115200
2020-04-27 08:11:53 [7] [6] DEBUG: AT2[gsm0]: --> ATZ^M
2020-04-27 08:11:53 [7] [6] DEBUG: AT2[gsm0]: <-- OK
2020-04-27 08:11:53 [7] [6] DEBUG: AT2[gsm0]: --> AT^M
2020-04-27 08:11:53 [7] [6] DEBUG: AT2[gsm0]: <-- AT
2020-04-27 08:11:53 [7] [6] DEBUG: AT2[gsm0]: <-- OK
2020-04-27 08:11:53 [7] [6] DEBUG: AT2[gsm0]: --> AT&F^M
2020-04-27 08:11:53 [7] [6] DEBUG: AT2[gsm0]: <-- AT&F
2020-04-27 08:11:53 [7] [6] DEBUG: AT2[gsm0]: <-- OK
2020-04-27 08:11:53 [7] [6] DEBUG: AT2[gsm0]: --> ATE0^M
2020-04-27 08:11:53 [7] [6] DEBUG: AT2[gsm0]: <-- ATE0
2020-04-27 08:11:53 [7] [6] DEBUG: AT2[gsm0]: <-- OK
2020-04-27 08:11:53 [7] [6] DEBUG: AT2[gsm0]: --> AT+IFC=2,2^M
2020-04-27 08:11:54 [7] [6] DEBUG: AT2[gsm0]: <-- ERROR
2020-04-27 08:11:54 [7] [6] ERROR: AT2[gsm0]: Generic error: ERROR
2020-04-27 08:11:54 [7] [6] INFO: AT2[gsm0]: cannot enable hardware handshake
2020-04-27 08:11:54 [7] [6] DEBUG: AT2[gsm0]: --> AT+CPIN?^M
2020-04-27 08:11:54 [7] [6] DEBUG: AT2[gsm0]: <-- +CPIN: READY
2020-04-27 08:11:54 [7] [6] DEBUG: AT2[gsm0]: --> AT+CMGF=0^M
2020-04-27 08:11:54 [7] [6] DEBUG: AT2[gsm0]: <-- OK
2020-04-27 08:11:54 [7] [6] DEBUG: AT2[gsm0]: --> AT+CSMS=?^M
2020-04-27 08:11:54 [7] [6] DEBUG: AT2[gsm0]: <-- OK
2020-04-27 08:11:54 [7] [6] DEBUG: AT2[gsm0]: --> AT+CNMI=2,2,0,1,0;+CMEE=1^M
2020-04-27 08:11:54 [7] [6] DEBUG: AT2[gsm0]: <-- +CSMS: (0,1)
2020-04-27 08:11:54 [7] [6] DEBUG: AT2[gsm0]: <-- OK
2020-04-27 08:11:54 [7] [6] INFO: AT2[gsm0]: AT SMSC successfully opened.
2020-04-27 08:11:54 [7] [6] DEBUG: AT2[gsm0]: <-- ERROR
2020-04-27 08:11:54 [7] [6] ERROR: AT2[gsm0]: Generic error: ERROR
2020-04-27 08:11:54 [7] [6] DEBUG: AT2[gsm0]: --> AT+CPMS?^M
2020-04-27 08:11:55 [7] [6] DEBUG: AT2[gsm0]: <-- +CPMS: "SM",0,30,"MT",25,55,"MT",25,55
2020-04-27 08:11:55 [7] [6] DEBUG: AT2[gsm0]: <-- OK
2020-04-27 08:12:57 [7] [6] DEBUG: AT2[gsm0]: --> AT+CPMS?^M
2020-04-27 08:12:57 [7] [6] DEBUG: AT2[gsm0]: <-- +CPMS: "SM",0,30,"MT",25,55,"MT",25,55
2020-04-27 08:12:57 [7] [6] DEBUG: AT2[gsm0]: <-- OK
2020-04-27 08:13:59 [7] [6] DEBUG: AT2[gsm0]: --> AT+CPMS?^M
2020-04-27 08:13:59 [7] [6] DEBUG: AT2[gsm0]: <-- +CPMS: "SM",0,30,"MT",25,55,"MT",25,55
2020-04-27 08:13:59 [7] [6] DEBUG: AT2[gsm0]: <-- OK
2020-04-27 08:15:01 [7] [6] DEBUG: AT2[gsm0]: --> AT+CPMS?^M
2020-04-27 08:15:01 [7] [6] DEBUG: AT2[gsm0]: <-- +CPMS: "SM",0,30,"MT",25,55,"MT",25,55
2020-04-27 08:15:01 [7] [6] DEBUG: AT2[gsm0]: <-- OK
2020-04-27 08:15:51 [7] [6] INFO: AT2[gsm0]: opening device
2020-04-27 08:15:51 [7] [6] DEBUG: AT2[gsm0]: device opened. Telnet mode = 0
2020-04-27 08:15:52 [7] [6] DEBUG: AT2[gsm0]: device opened
2020-04-27 08:15:52 [7] [6] INFO: AT2[gsm0]: Logging in
2020-04-27 08:15:52 [7] [6] INFO: AT2[gsm0]: init device
2020-04-27 08:15:52 [7] [6] INFO: AT2[gsm0]: speed set to 115200
2020-04-27 08:15:52 [7] [6] DEBUG: AT2[gsm0]: --> ATZ^M
2020-04-27 08:15:52 [7] [6] DEBUG: AT2[gsm0]: <-- OK
2020-04-27 08:15:52 [7] [6] DEBUG: AT2[gsm0]: --> AT^M
2020-04-27 08:15:52 [7] [6] DEBUG: AT2[gsm0]: <-- AT
2020-04-27 08:15:52 [7] [6] DEBUG: AT2[gsm0]: <-- OK
2020-04-27 08:15:52 [7] [6] DEBUG: AT2[gsm0]: --> AT&F^M
2020-04-27 08:15:52 [7] [6] DEBUG: AT2[gsm0]: <-- AT&F
2020-04-27 08:15:52 [7] [6] DEBUG: AT2[gsm0]: <-- OK
2020-04-27 08:15:52 [7] [6] DEBUG: AT2[gsm0]: --> ATE0^M
2020-04-27 08:15:53 [7] [6] DEBUG: AT2[gsm0]: <-- ATE0
2020-04-27 08:15:53 [7] [6] DEBUG: AT2[gsm0]: <-- OK
2020-04-27 08:15:53 [7] [6] DEBUG: AT2[gsm0]: --> AT+IFC=2,2^M
2020-04-27 08:15:53 [7] [6] DEBUG: AT2[gsm0]: <-- ERROR
2020-04-27 08:15:53 [7] [6] ERROR: AT2[gsm0]: Generic error: ERROR
2020-04-27 08:15:53 [7] [6] INFO: AT2[gsm0]: cannot enable hardware handshake
2020-04-27 08:15:53 [7] [6] DEBUG: AT2[gsm0]: --> AT+CPIN?^M
2020-04-27 08:15:53 [7] [6] DEBUG: AT2[gsm0]: <-- +CPIN: READY
2020-04-27 08:15:53 [7] [6] DEBUG: AT2[gsm0]: --> AT+CMGF=0^M
2020-04-27 08:15:53 [7] [6] DEBUG: AT2[gsm0]: <-- OK
2020-04-27 08:15:53 [7] [6] DEBUG: AT2[gsm0]: --> AT+CSMS=?^M
2020-04-27 08:15:53 [7] [6] DEBUG: AT2[gsm0]: <-- OK
2020-04-27 08:15:53 [7] [6] DEBUG: AT2[gsm0]: --> AT+CNMI=2,2,0,1,0;+CMEE=1^M
2020-04-27 08:15:54 [7] [6] DEBUG: AT2[gsm0]: <-- +CSMS: (0,1)
2020-04-27 08:15:54 [7] [6] DEBUG: AT2[gsm0]: <-- OK
2020-04-27 08:15:54 [7] [6] INFO: AT2[gsm0]: AT SMSC successfully opened.
2020-04-27 08:15:54 [7] [6] DEBUG: AT2[gsm0]: <-- ERROR
2020-04-27 08:15:54 [7] [6] ERROR: AT2[gsm0]: Generic error: ERROR
2020-04-27 08:15:54 [7] [6] DEBUG: AT2[gsm0]: --> AT+CPMS?^M
2020-04-27 08:15:54 [7] [6] DEBUG: AT2[gsm0]: <-- +CPMS: "SM",0,30,"MT",25,55,"MT",25,55
2020-04-27 08:15:54 [7] [6] DEBUG: AT2[gsm0]: <-- OK
2020-04-27 08:16:56 [7] [6] DEBUG: AT2[gsm0]: --> AT+CPMS?^M
2020-04-27 08:16:56 [7] [6] DEBUG: AT2[gsm0]: <-- +CPMS: "SM",0,30,"MT",25,55,"MT",25,55
2020-04-27 08:16:56 [7] [6] DEBUG: AT2[gsm0]: <-- OK
2020-04-27 08:17:58 [7] [6] DEBUG: AT2[gsm0]: --> AT+CPMS?^M
2020-04-27 08:17:58 [7] [6] DEBUG: AT2[gsm0]: <-- +CPMS: "SM",0,30,"MT",25,55,"MT",25,55
2020-04-27 08:17:58 [7] [6] DEBUG: AT2[gsm0]: <-- OK
2020-04-27 08:19:00 [7] [6] DEBUG: AT2[gsm0]: --> AT+CPMS?^M
2020-04-27 08:19:01 [7] [6] DEBUG: AT2[gsm0]: <-- +CPMS: "SM",0,30,"MT",25,55,"MT",25,55
2020-04-27 08:19:01 [7] [6] DEBUG: AT2[gsm0]: <-- OK
2020-04-27 08:20:03 [7] [6] DEBUG: AT2[gsm0]: --> AT+CPMS?^M
2020-04-27 08:20:03 [7] [6] DEBUG: AT2[gsm0]: <-- +CPMS: "SM",0,30,"MT",25,55,"MT",25,55
2020-04-27 08:20:03 [7] [6] DEBUG: AT2[gsm0]: <-- OK
2020-04-27 08:21:05 [7] [6] DEBUG: AT2[gsm0]: --> AT+CPMS?^M
2020-04-27 08:21:05 [7] [6] DEBUG: AT2[gsm0]: <-- +CPMS: "SM",0,30,"MT",25,55,"MT",25,55
2020-04-27 08:21:05 [7] [6] DEBUG: AT2[gsm0]: <-- OK
2020-04-27 08:22:07 [7] [6] DEBUG: AT2[gsm0]: --> AT+CPMS?^M
2020-04-27 08:22:07 [7] [6] DEBUG: AT2[gsm0]: <-- +CPMS: "SM",0,30,"MT",25,55,"MT",25,55
2020-04-27 08:22:07 [7] [6] DEBUG: AT2[gsm0]: <-- OK
2020-04-27 08:23:09 [7] [6] DEBUG: AT2[gsm0]: --> AT+CPMS?^M
2020-04-27 08:23:09 [7] [6] DEBUG: AT2[gsm0]: <-- +CPMS: "SM",0,30,"MT",25,55,"MT",25,55
2020-04-27 08:23:09 [7] [6] DEBUG: AT2[gsm0]: <-- OK
2020-04-27 08:24:11 [7] [6] DEBUG: AT2[gsm0]: --> AT+CPMS?^M
2020-04-27 08:24:11 [7] [6] DEBUG: AT2[gsm0]: <-- +CPMS: "SM",0,30,"MT",25,55,"MT",25,55
2020-04-27 08:24:11 [7] [6] DEBUG: AT2[gsm0]: <-- OK
2020-04-27 08:25:13 [7] [6] DEBUG: AT2[gsm0]: --> AT+CPMS?^M
2020-04-27 08:25:13 [7] [6] DEBUG: AT2[gsm0]: <-- +CPMS: "SM",0,30,"MT",25,55,"MT",25,55
2020-04-27 08:25:13 [7] [6] DEBUG: AT2[gsm0]: <-- OK
2020-04-27 08:26:15 [7] [6] DEBUG: AT2[gsm0]: --> AT+CPMS?^M
2020-04-27 08:26:16 [7] [6] DEBUG: AT2[gsm0]: <-- +CPMS: "SM",0,30,"MT",25,55,"MT",25,55
2020-04-27 08:26:16 [7] [6] DEBUG: AT2[gsm0]: <-- OK
2020-04-27 08:27:18 [7] [6] DEBUG: AT2[gsm0]: --> AT+CPMS?^M
2020-04-27 08:27:18 [7] [6] DEBUG: AT2[gsm0]: <-- +CPMS: "SM",0,30,"MT",25,55,"MT",25,55
2020-04-27 08:27:18 [7] [6] DEBUG: AT2[gsm0]: <-- OK
2020-04-27 08:28:20 [7] [6] DEBUG: AT2[gsm0]: --> AT+CPMS?^M
2020-04-27 08:28:20 [7] [6] DEBUG: AT2[gsm0]: <-- +CPMS: "SM",0,30,"MT",25,55,"MT",25,55
2020-04-27 08:28:20 [7] [6] DEBUG: AT2[gsm0]: <-- OK
2020-04-27 08:29:22 [7] [6] DEBUG: AT2[gsm0]: --> AT+CPMS?^M
2020-04-27 08:29:22 [7] [6] DEBUG: AT2[gsm0]: <-- +CPMS: "SM",0,30,"MT",25,55,"MT",25,55
2020-04-27 08:29:22 [7] [6] DEBUG: AT2[gsm0]: <-- OK
2020-04-27 08:30:24 [7] [6] DEBUG: AT2[gsm0]: --> AT+CPMS?^M
2020-04-27 08:30:25 [7] [6] DEBUG: AT2[gsm0]: <-- +CPMS: "SM",0,30,"MT",25,55,"MT",25,55
2020-04-27 08:30:25 [7] [6] DEBUG: AT2[gsm0]: <-- OK
2020-04-27 08:31:27 [7] [6] DEBUG: AT2[gsm0]: --> AT+CPMS?^M
2020-04-27 08:31:27 [7] [6] DEBUG: AT2[gsm0]: <-- +CPMS: "SM",0,30,"MT",25,55,"MT",25,55
2020-04-27 08:31:27 [7] [6] DEBUG: AT2[gsm0]: <-- OK
2020-04-27 08:32:29 [7] [6] DEBUG: AT2[gsm0]: --> AT+CPMS?^M
2020-04-27 08:32:29 [7] [6] DEBUG: AT2[gsm0]: <-- +CPMS: "SM",0,30,"MT",25,55,"MT",25,55
2020-04-27 08:32:29 [7] [6] DEBUG: AT2[gsm0]: <-- OK
2020-04-27 08:33:31 [7] [6] DEBUG: AT2[gsm0]: --> AT+CPMS?^M
2020-04-27 08:33:31 [7] [6] DEBUG: AT2[gsm0]: <-- +CPMS: "SM",0,30,"MT",25,55,"MT",25,55
2020-04-27 08:33:31 [7] [6] DEBUG: AT2[gsm0]: <-- OK
2020-04-27 08:41:07 [7] [6] INFO: AT2[gsm0]: opening device
2020-04-27 08:41:07 [7] [6] DEBUG: AT2[gsm0]: device opened. Telnet mode = 0
2020-04-27 08:41:08 [7] [6] DEBUG: AT2[gsm0]: device opened
2020-04-27 08:41:08 [7] [6] INFO: AT2[gsm0]: Logging in
2020-04-27 08:41:08 [7] [6] INFO: AT2[gsm0]: init device
2020-04-27 08:41:08 [7] [6] INFO: AT2[gsm0]: speed set to 115200
2020-04-27 08:41:08 [7] [6] DEBUG: AT2[gsm0]: --> ATZ^M
2020-04-27 08:41:08 [7] [6] DEBUG: AT2[gsm0]: <-- OK
2020-04-27 08:41:08 [7] [6] DEBUG: AT2[gsm0]: --> AT^M
2020-04-27 08:41:08 [7] [6] DEBUG: AT2[gsm0]: <-- AT
2020-04-27 08:41:08 [7] [6] DEBUG: AT2[gsm0]: <-- OK
2020-04-27 08:41:08 [7] [6] DEBUG: AT2[gsm0]: --> AT&F^M
2020-04-27 08:41:08 [7] [6] DEBUG: AT2[gsm0]: <-- AT&F
2020-04-27 08:41:08 [7] [6] DEBUG: AT2[gsm0]: <-- OK
2020-04-27 08:41:08 [7] [6] DEBUG: AT2[gsm0]: --> ATE0^M
2020-04-27 08:41:09 [7] [6] DEBUG: AT2[gsm0]: <-- ATE0
2020-04-27 08:41:09 [7] [6] DEBUG: AT2[gsm0]: <-- OK
2020-04-27 08:41:09 [7] [6] DEBUG: AT2[gsm0]: --> AT+IFC=2,2^M
2020-04-27 08:41:09 [7] [6] DEBUG: AT2[gsm0]: <-- ERROR
2020-04-27 08:41:09 [7] [6] ERROR: AT2[gsm0]: Generic error: ERROR
2020-04-27 08:41:09 [7] [6] INFO: AT2[gsm0]: cannot enable hardware handshake
2020-04-27 08:41:09 [7] [6] DEBUG: AT2[gsm0]: --> AT+CPIN?^M
2020-04-27 08:41:09 [7] [6] DEBUG: AT2[gsm0]: <-- +CPIN: READY
2020-04-27 08:41:09 [7] [6] DEBUG: AT2[gsm0]: --> AT+CMGF=0^M
2020-04-27 08:41:09 [7] [6] DEBUG: AT2[gsm0]: <-- OK
2020-04-27 08:41:09 [7] [6] DEBUG: AT2[gsm0]: --> AT+CSMS=?^M
2020-04-27 08:41:09 [7] [6] DEBUG: AT2[gsm0]: <-- OK
2020-04-27 08:41:09 [7] [6] DEBUG: AT2[gsm0]: --> AT+CNMI=2,2,0,1,0;+CMEE=1^M
2020-04-27 08:41:10 [7] [6] DEBUG: AT2[gsm0]: <-- +CSMS: (0,1)
2020-04-27 08:41:10 [7] [6] DEBUG: AT2[gsm0]: <-- OK
2020-04-27 08:41:10 [7] [6] INFO: AT2[gsm0]: AT SMSC successfully opened.
2020-04-27 08:41:10 [7] [6] DEBUG: AT2[gsm0]: <-- ERROR
2020-04-27 08:41:10 [7] [6] ERROR: AT2[gsm0]: Generic error: ERROR
2020-04-27 08:41:10 [7] [6] DEBUG: AT2[gsm0]: --> AT+CPMS?^M
2020-04-27 08:41:10 [7] [6] DEBUG: AT2[gsm0]: <-- +CPMS: "SM",0,30,"MT",25,55,"MT",25,55
2020-04-27 08:41:10 [7] [6] DEBUG: AT2[gsm0]: <-- OK
